# JRE version: OpenJDK Runtime Environment (8.0_212-b04) (build 1.8.0_212-release-1586-b04)
# Java VM: OpenJDK 64-Bit Server VM (25.212-b04 mixed mode windows-amd64 compressed oops)
Heap:
 PSYoungGen      total 220160K, used 75699K [0x00000000e0000000, 0x00000000f1880000, 0x0000000100000000)
  eden space 197632K, 26% used [0x00000000e0000000,0x00000000e33f0a00,0x00000000ec100000)
  from space 22528K, 99% used [0x00000000ec100000,0x00000000ed6fc3f0,0x00000000ed700000)
  to   space 30208K, 0% used [0x00000000efb00000,0x00000000efb00000,0x00000000f1880000)
 ParOldGen       total 139264K, used 46577K [0x00000000a0000000, 0x00000000a8800000, 0x00000000e0000000)
  object space 139264K, 33% used [0x00000000a0000000,0x00000000a2d7c488,0x00000000a8800000)
 Metaspace       used 73749K, capacity 77628K, committed 77952K, reserved 1116160K
  class space    used 10022K, capacity 10760K, committed 10880K, reserved 1048576K
GC Heap History (10 events):
Event: 8.379 GC heap before
{Heap before GC invocations=14 (full 2):
 PSYoungGen      total 154624K, used 75765K [0x00000000e0000000, 0x00000000ecc80000, 0x0000000100000000)
  eden space 140288K, 43% used [0x00000000e0000000,0x00000000e3c04e38,0x00000000e8900000)
  from space 14336K, 99% used [0x00000000e8900000,0x00000000e96f8768,0x00000000e9700000)
  to   space 19456K, 0% used [0x00000000eb980000,0x00000000eb980000,0x00000000ecc80000)
 ParOldGen       total 88064K, used 26243K [0x00000000a0000000, 0x00000000a5600000, 0x00000000e0000000)
  object space 88064K, 29% used [0x00000000a0000000,0x00000000a19a0e18,0x00000000a5600000)
 Metaspace       used 57136K, capacity 58988K, committed 59096K, reserved 1099776K
  class space    used 7843K, capacity 8254K, committed 8320K, reserved 1048576K
Event: 8.386 GC heap after
Heap after GC invocations=14 (full 2):
 PSYoungGen      total 190464K, used 5795K [0x00000000e0000000, 0x00000000ed480000, 0x0000000100000000)
  eden space 171008K, 0% used [0x00000000e0000000,0x00000000e0000000,0x00000000ea700000)
  from space 19456K, 29% used [0x00000000eb980000,0x00000000ebf28f78,0x00000000ecc80000)
  to   space 18944K, 0% used [0x00000000ea700000,0x00000000ea700000,0x00000000eb980000)
 ParOldGen       total 88064K, used 34529K [0x00000000a0000000, 0x00000000a5600000, 0x00000000e0000000)
  object space 88064K, 39% used [0x00000000a0000000,0x00000000a21b8438,0x00000000a5600000)
 Metaspace       used 57136K, capacity 58988K, committed 59096K, reserved 1099776K
  class space    used 7843K, capacity 8254K, committed 8320K, reserved 1048576K
}
Event: 8.386 GC heap before
{Heap before GC invocations=15 (full 3):
 PSYoungGen      total 190464K, used 5795K [0x00000000e0000000, 0x00000000ed480000, 0x0000000100000000)
  eden space 171008K, 0% used [0x00000000e0000000,0x00000000e0000000,0x00000000ea700000)
  from space 19456K, 29% used [0x00000000eb980000,0x00000000ebf28f78,0x00000000ecc80000)
  to   space 18944K, 0% used [0x00000000ea700000,0x00000000ea700000,0x00000000eb980000)
 ParOldGen       total 88064K, used 34529K [0x00000000a0000000, 0x00000000a5600000, 0x00000000e0000000)
  object space 88064K, 39% used [0x00000000a0000000,0x00000000a21b8438,0x00000000a5600000)
 Metaspace       used 57136K, capacity 58988K, committed 59096K, reserved 1099776K
  class space    used 7843K, capacity 8254K, committed 8320K, reserved 1048576K
Event: 8.603 GC heap after
Heap after GC invocations=15 (full 3):
 PSYoungGen      total 190464K, used 0K [0x00000000e0000000, 0x00000000ed480000, 0x0000000100000000)
  eden space 171008K, 0% used [0x00000000e0000000,0x00000000e0000000,0x00000000ea700000)
  from space 19456K, 0% used [0x00000000eb980000,0x00000000eb980000,0x00000000ecc80000)
  to   space 18944K, 0% used [0x00000000ea700000,0x00000000ea700000,0x00000000eb980000)
 ParOldGen       total 139264K, used 35001K [0x00000000a0000000, 0x00000000a8800000, 0x00000000e0000000)
  object space 139264K, 25% used [0x00000000a0000000,0x00000000a222e708,0x00000000a8800000)
 Metaspace       used 57136K, capacity 58988K, committed 59096K, reserved 1099776K
  class space    used 7843K, capacity 8254K, committed 8320K, reserved 1048576K
}
Event: 9.786 GC heap before
{Heap before GC invocations=16 (full 3):
 PSYoungGen      total 190464K, used 171008K [0x00000000e0000000, 0x00000000ed480000, 0x0000000100000000)
  eden space 171008K, 100% used [0x00000000e0000000,0x00000000ea700000,0x00000000ea700000)
  from space 19456K, 0% used [0x00000000eb980000,0x00000000eb980000,0x00000000ecc80000)
  to   space 18944K, 0% used [0x00000000ea700000,0x00000000ea700000,0x00000000eb980000)
 ParOldGen       total 139264K, used 35001K [0x00000000a0000000, 0x00000000a8800000, 0x00000000e0000000)
  object space 139264K, 25% used [0x00000000a0000000,0x00000000a222e708,0x00000000a8800000)
 Metaspace       used 61463K, capacity 64764K, committed 65024K, reserved 1105920K
  class space    used 8532K, capacity 9128K, committed 9216K, reserved 1048576K
Event: 9.796 GC heap after
Heap after GC invocations=16 (full 3):
 PSYoungGen      total 189952K, used 16693K [0x00000000e0000000, 0x00000000eeb80000, 0x0000000100000000)
  eden space 171008K, 0% used [0x00000000e0000000,0x00000000e0000000,0x00000000ea700000)
  from space 18944K, 88% used [0x00000000ea700000,0x00000000eb74d770,0x00000000eb980000)
  to   space 20992K, 0% used [0x00000000ed700000,0x00000000ed700000,0x00000000eeb80000)
 ParOldGen       total 139264K, used 35009K [0x00000000a0000000, 0x00000000a8800000, 0x00000000e0000000)
  object space 139264K, 25% used [0x00000000a0000000,0x00000000a2230708,0x00000000a8800000)
 Metaspace       used 61463K, capacity 64764K, committed 65024K, reserved 1105920K
  class space    used 8532K, capacity 9128K, committed 9216K, reserved 1048576K
}
Event: 11.225 GC heap before
{Heap before GC invocations=17 (full 3):
 PSYoungGen      total 189952K, used 187701K [0x00000000e0000000, 0x00000000eeb80000, 0x0000000100000000)
  eden space 171008K, 100% used [0x00000000e0000000,0x00000000ea700000,0x00000000ea700000)
  from space 18944K, 88% used [0x00000000ea700000,0x00000000eb74d770,0x00000000eb980000)
  to   space 20992K, 0% used [0x00000000ed700000,0x00000000ed700000,0x00000000eeb80000)
 ParOldGen       total 139264K, used 35009K [0x00000000a0000000, 0x00000000a8800000, 0x00000000e0000000)
  object space 139264K, 25% used [0x00000000a0000000,0x00000000a2230708,0x00000000a8800000)
 Metaspace       used 63673K, capacity 67056K, committed 67328K, reserved 1107968K
  class space    used 8745K, capacity 9392K, committed 9472K, reserved 1048576K
Event: 11.240 GC heap after
Heap after GC invocations=17 (full 3):
 PSYoungGen      total 218624K, used 18041K [0x00000000e0000000, 0x00000000eee80000, 0x0000000100000000)
  eden space 197632K, 0% used [0x00000000e0000000,0x00000000e0000000,0x00000000ec100000)
  from space 20992K, 85% used [0x00000000ed700000,0x00000000ee89e560,0x00000000eeb80000)
  to   space 22528K, 0% used [0x00000000ec100000,0x00000000ec100000,0x00000000ed700000)
 ParOldGen       total 139264K, used 35017K [0x00000000a0000000, 0x00000000a8800000, 0x00000000e0000000)
  object space 139264K, 25% used [0x00000000a0000000,0x00000000a2232708,0x00000000a8800000)
 Metaspace       used 63673K, capacity 67056K, committed 67328K, reserved 1107968K
  class space    used 8745K, capacity 9392K, committed 9472K, reserved 1048576K
}
Event: 16.332 GC heap before
{Heap before GC invocations=18 (full 3):
 PSYoungGen      total 218624K, used 215673K [0x00000000e0000000, 0x00000000eee80000, 0x0000000100000000)
  eden space 197632K, 100% used [0x00000000e0000000,0x00000000ec100000,0x00000000ec100000)
  from space 20992K, 85% used [0x00000000ed700000,0x00000000ee89e560,0x00000000eeb80000)
  to   space 22528K, 0% used [0x00000000ec100000,0x00000000ec100000,0x00000000ed700000)
 ParOldGen       total 139264K, used 35017K [0x00000000a0000000, 0x00000000a8800000, 0x00000000e0000000)
  object space 139264K, 25% used [0x00000000a0000000,0x00000000a2232708,0x00000000a8800000)
 Metaspace       used 72321K, capacity 76122K, committed 76160K, reserved 1114112K
  class space    used 9835K, capacity 10588K, committed 10624K, reserved 1048576K
Event: 16.361 GC heap after
Heap after GC invocations=18 (full 3):
 PSYoungGen      total 220160K, used 22512K [0x00000000e0000000, 0x00000000f1880000, 0x0000000100000000)
  eden space 197632K, 0% used [0x00000000e0000000,0x00000000e0000000,0x00000000ec100000)
  from space 22528K, 99% used [0x00000000ec100000,0x00000000ed6fc3f0,0x00000000ed700000)
  to   space 30208K, 0% used [0x00000000efb00000,0x00000000efb00000,0x00000000f1880000)
 ParOldGen       total 139264K, used 46577K [0x00000000a0000000, 0x00000000a8800000, 0x00000000e0000000)
  object space 139264K, 33% used [0x00000000a0000000,0x00000000a2d7c488,0x00000000a8800000)
 Metaspace       used 72321K, capacity 76122K, committed 76160K, reserved 1114112K
  class space    used 9835K, capacity 10588K, committed 10624K, reserved 1048576K
}

