# JRE version: OpenJDK Runtime Environment (8.0_212-b04) (build 1.8.0_212-release-1586-b04)
# Java VM: OpenJDK 64-Bit Server VM (25.212-b04 mixed mode windows-amd64 compressed oops)
Heap:
 PSYoungGen      total 232960K, used 40673K [0x00000000e0000000, 0x00000000f2380000, 0x0000000100000000)
  eden space 207872K, 7% used [0x00000000e0000000,0x00000000e0f3a428,0x00000000ecb00000)
  from space 25088K, 99% used [0x00000000eea00000,0x00000000f027e0a8,0x00000000f0280000)
  to   space 31744K, 0% used [0x00000000ecb00000,0x00000000ecb00000,0x00000000eea00000)
 ParOldGen       total 134144K, used 65243K [0x00000000a0000000, 0x00000000a8300000, 0x00000000e0000000)
  object space 134144K, 48% used [0x00000000a0000000,0x00000000a3fb6c00,0x00000000a8300000)
 Metaspace       used 88155K, capacity 93288K, committed 93440K, reserved 1130496K
  class space    used 11508K, capacity 12513K, committed 12544K, reserved 1048576K
GC Heap History (10 events):
Event: 9.312 GC heap before
{Heap before GC invocations=17 (full 3):
 PSYoungGen      total 186368K, used 181076K [0x00000000e0000000, 0x00000000eea80000, 0x0000000100000000)
  eden space 166912K, 100% used [0x00000000e0000000,0x00000000ea300000,0x00000000ea300000)
  from space 19456K, 72% used [0x00000000ea300000,0x00000000eb0d5330,0x00000000eb600000)
  to   space 20480K, 0% used [0x00000000ed680000,0x00000000ed680000,0x00000000eea80000)
 ParOldGen       total 134144K, used 33941K [0x00000000a0000000, 0x00000000a8300000, 0x00000000e0000000)
  object space 134144K, 25% used [0x00000000a0000000,0x00000000a2125668,0x00000000a8300000)
 Metaspace       used 72813K, capacity 76414K, committed 76800K, reserved 1116160K
  class space    used 9958K, capacity 10631K, committed 10752K, reserved 1048576K
Event: 9.331 GC heap after
Heap after GC invocations=17 (full 3):
 PSYoungGen      total 214528K, used 20470K [0x00000000e0000000, 0x00000000ef480000, 0x0000000100000000)
  eden space 194048K, 0% used [0x00000000e0000000,0x00000000e0000000,0x00000000ebd80000)
  from space 20480K, 99% used [0x00000000ed680000,0x00000000eea7da98,0x00000000eea80000)
  to   space 25600K, 0% used [0x00000000ebd80000,0x00000000ebd80000,0x00000000ed680000)
 ParOldGen       total 134144K, used 39703K [0x00000000a0000000, 0x00000000a8300000, 0x00000000e0000000)
  object space 134144K, 29% used [0x00000000a0000000,0x00000000a26c5dd0,0x00000000a8300000)
 Metaspace       used 72813K, capacity 76414K, committed 76800K, reserved 1116160K
  class space    used 9958K, capacity 10631K, committed 10752K, reserved 1048576K
}
Event: 5625.895 GC heap before
{Heap before GC invocations=18 (full 3):
 PSYoungGen      total 214528K, used 214518K [0x00000000e0000000, 0x00000000ef480000, 0x0000000100000000)
  eden space 194048K, 100% used [0x00000000e0000000,0x00000000ebd80000,0x00000000ebd80000)
  from space 20480K, 99% used [0x00000000ed680000,0x00000000eea7da98,0x00000000eea80000)
  to   space 25600K, 0% used [0x00000000ebd80000,0x00000000ebd80000,0x00000000ed680000)
 ParOldGen       total 134144K, used 39703K [0x00000000a0000000, 0x00000000a8300000, 0x00000000e0000000)
  object space 134144K, 29% used [0x00000000a0000000,0x00000000a26c5dd0,0x00000000a8300000)
 Metaspace       used 79766K, capacity 84194K, committed 84480K, reserved 1122304K
  class space    used 10604K, capacity 11418K, committed 11520K, reserved 1048576K
Event: 5626.133 GC heap after
Heap after GC invocations=18 (full 3):
 PSYoungGen      total 219648K, used 13687K [0x00000000e0000000, 0x00000000f0c80000, 0x0000000100000000)
  eden space 194048K, 0% used [0x00000000e0000000,0x00000000e0000000,0x00000000ebd80000)
  from space 25600K, 53% used [0x00000000ebd80000,0x00000000ecaddd18,0x00000000ed680000)
  to   space 25088K, 0% used [0x00000000ef400000,0x00000000ef400000,0x00000000f0c80000)
 ParOldGen       total 134144K, used 57101K [0x00000000a0000000, 0x00000000a8300000, 0x00000000e0000000)
  object space 134144K, 42% used [0x00000000a0000000,0x00000000a37c3460,0x00000000a8300000)
 Metaspace       used 79766K, capacity 84194K, committed 84480K, reserved 1122304K
  class space    used 10604K, capacity 11418K, committed 11520K, reserved 1048576K
}
Event: 5630.351 GC heap before
{Heap before GC invocations=19 (full 3):
 PSYoungGen      total 219648K, used 207735K [0x00000000e0000000, 0x00000000f0c80000, 0x0000000100000000)
  eden space 194048K, 100% used [0x00000000e0000000,0x00000000ebd80000,0x00000000ebd80000)
  from space 25600K, 53% used [0x00000000ebd80000,0x00000000ecaddd18,0x00000000ed680000)
  to   space 25088K, 0% used [0x00000000ef400000,0x00000000ef400000,0x00000000f0c80000)
 ParOldGen       total 134144K, used 57101K [0x00000000a0000000, 0x00000000a8300000, 0x00000000e0000000)
  object space 134144K, 42% used [0x00000000a0000000,0x00000000a37c3460,0x00000000a8300000)
 Metaspace       used 84070K, capacity 88712K, committed 89088K, reserved 1126400K
  class space    used 11065K, capacity 11940K, committed 12032K, reserved 1048576K
Event: 5630.497 GC heap after
Heap after GC invocations=19 (full 3):
 PSYoungGen      total 243712K, used 14648K [0x00000000e0000000, 0x00000000f0900000, 0x0000000100000000)
  eden space 222208K, 0% used [0x00000000e0000000,0x00000000e0000000,0x00000000ed900000)
  from space 21504K, 68% used [0x00000000ef400000,0x00000000f024e390,0x00000000f0900000)
  to   space 24576K, 0% used [0x00000000ed900000,0x00000000ed900000,0x00000000ef100000)
 ParOldGen       total 134144K, used 57109K [0x00000000a0000000, 0x00000000a8300000, 0x00000000e0000000)
  object space 134144K, 42% used [0x00000000a0000000,0x00000000a37c5460,0x00000000a8300000)
 Metaspace       used 84070K, capacity 88712K, committed 89088K, reserved 1126400K
  class space    used 11065K, capacity 11940K, committed 12032K, reserved 1048576K
}
Event: 11221.120 GC heap before
{Heap before GC invocations=20 (full 3):
 PSYoungGen      total 243712K, used 236856K [0x00000000e0000000, 0x00000000f0900000, 0x0000000100000000)
  eden space 222208K, 100% used [0x00000000e0000000,0x00000000ed900000,0x00000000ed900000)
  from space 21504K, 68% used [0x00000000ef400000,0x00000000f024e390,0x00000000f0900000)
  to   space 24576K, 0% used [0x00000000ed900000,0x00000000ed900000,0x00000000ef100000)
 ParOldGen       total 134144K, used 57109K [0x00000000a0000000, 0x00000000a8300000, 0x00000000e0000000)
  object space 134144K, 42% used [0x00000000a0000000,0x00000000a37c5460,0x00000000a8300000)
 Metaspace       used 84917K, capacity 89842K, committed 89984K, reserved 1126400K
  class space    used 11143K, capacity 12096K, committed 12160K, reserved 1048576K
Event: 11221.295 GC heap after
Heap after GC invocations=20 (full 3):
 PSYoungGen      total 230912K, used 16271K [0x00000000e0000000, 0x00000000f0280000, 0x0000000100000000)
  eden space 214528K, 0% used [0x00000000e0000000,0x00000000e0000000,0x00000000ed180000)
  from space 16384K, 99% used [0x00000000ed900000,0x00000000ee8e3c60,0x00000000ee900000)
  to   space 25088K, 0% used [0x00000000eea00000,0x00000000eea00000,0x00000000f0280000)
 ParOldGen       total 134144K, used 57117K [0x00000000a0000000, 0x00000000a8300000, 0x00000000e0000000)
  object space 134144K, 42% used [0x00000000a0000000,0x00000000a37c7460,0x00000000a8300000)
 Metaspace       used 84917K, capacity 89842K, committed 89984K, reserved 1126400K
  class space    used 11143K, capacity 12096K, committed 12160K, reserved 1048576K
}
Event: 11228.350 GC heap before
{Heap before GC invocations=21 (full 3):
 PSYoungGen      total 230912K, used 230799K [0x00000000e0000000, 0x00000000f0280000, 0x0000000100000000)
  eden space 214528K, 100% used [0x00000000e0000000,0x00000000ed180000,0x00000000ed180000)
  from space 16384K, 99% used [0x00000000ed900000,0x00000000ee8e3c60,0x00000000ee900000)
  to   space 25088K, 0% used [0x00000000eea00000,0x00000000eea00000,0x00000000f0280000)
 ParOldGen       total 134144K, used 57117K [0x00000000a0000000, 0x00000000a8300000, 0x00000000e0000000)
  object space 134144K, 42% used [0x00000000a0000000,0x00000000a37c7460,0x00000000a8300000)
 Metaspace       used 88147K, capacity 93288K, committed 93440K, reserved 1130496K
  class space    used 11508K, capacity 12513K, committed 12544K, reserved 1048576K
Event: 11228.514 GC heap after
Heap after GC invocations=21 (full 3):
 PSYoungGen      total 232960K, used 25080K [0x00000000e0000000, 0x00000000f2380000, 0x0000000100000000)
  eden space 207872K, 0% used [0x00000000e0000000,0x00000000e0000000,0x00000000ecb00000)
  from space 25088K, 99% used [0x00000000eea00000,0x00000000f027e0a8,0x00000000f0280000)
  to   space 31744K, 0% used [0x00000000ecb00000,0x00000000ecb00000,0x00000000eea00000)
 ParOldGen       total 134144K, used 65243K [0x00000000a0000000, 0x00000000a8300000, 0x00000000e0000000)
  object space 134144K, 48% used [0x00000000a0000000,0x00000000a3fb6c00,0x00000000a8300000)
 Metaspace       used 88147K, capacity 93288K, committed 93440K, reserved 1130496K
  class space    used 11508K, capacity 12513K, committed 12544K, reserved 1048576K
}

